<?xml version="1.0" encoding="UTF-8"?>
<testsuite name="TestAPI" tests="5" skipped="0" failures="0" errors="0" timestamp="2024-03-05T08:44:55" hostname="Pauls-MacBook-Pro.local" time="6.0">
  <properties/>
  <testcase name="checkBasicMethods()" classname="TestAPI" time="2.184"/>
  <testcase name="getFilteredTestData()" classname="TestAPI" time="1.95"/>
  <testcase name="createTestObj()" classname="TestAPI" time="0.307"/>
  <testcase name="checkAuthorizationFail()" classname="TestAPI" time="0.657"/>
  <testcase name="createTestToken()" classname="TestAPI" time="0.901"/>
  <system-out><![CDATA[]]></system-out>
  <system-err><![CDATA[]]></system-err>
</testsuite>
